<?xml version="1.0" encoding="UTF-8"?>
<!-- Generated by org.testng.reporters.JUnitReportReporter -->
<testsuite hostname="DESKTOP-5T03LQ5" failures="1" tests="2" name="runner.Runner" time="185.677" errors="0" timestamp="2023-02-04T20:35:41 IST" skipped="0">
  <testcase classname="runner.Runner" name="runScenario" time="73.295">
    <failure message="expected [null] but found [Radiant Tee]" type="java.lang.AssertionError">
      <![CDATA[java.lang.AssertionError: expected [null] but found [Radiant Tee]
at org.testng.Assert.fail(Assert.java:110)
at org.testng.Assert.failNotEquals(Assert.java:1413)
at org.testng.Assert.assertEqualsImpl(Assert.java:149)
at org.testng.Assert.assertEquals(Assert.java:131)
at org.testng.Assert.assertEquals(Assert.java:655)
at org.testng.Assert.assertEquals(Assert.java:665)
at stepdefinitions.WishlistpageStepdefinitionpage.wishlist_page_opens_and_displays_same_added_shirt(WishlistpageStepdefinitionpage.java:30)
at âœ½.Wishlist page opens and displays same added shirt(file:///D:/cucumber/CucumberAutomation/src/test/java/features/Loginpage.feature:33)
]]>
    </failure>
  </testcase> <!-- runScenario -->
  <system-out/>
  <testcase classname="runner.Runner" name="runScenario" time="112.382"/>
  <system-out/>
</testsuite> <!-- runner.Runner -->
